<?xml version="1.0" encoding="UTF-8"?>
<testng-results ignored="0" total="1" passed="1" failed="0" skipped="0">
  <reporter-output>
  </reporter-output>
  <suite started-at="2023-10-01T19:12:47 IST" name="Default suite" finished-at="2023-10-01T19:12:58 IST" duration-ms="10436">
    <groups>
    </groups>
    <test started-at="2023-10-01T19:12:47 IST" name="Default test" finished-at="2023-10-01T19:12:58 IST" duration-ms="10436">
      <class name="TestCases.Capture_Screenshot">
        <test-method signature="sc()[pri:0, instance:TestCases.Capture_Screenshot@78123e82]" started-at="2023-10-01T19:12:47 IST" name="sc" finished-at="2023-10-01T19:12:58 IST" duration-ms="10382" status="PASS">
          <reporter-output>
          </reporter-output>
        </test-method> <!-- sc -->
      </class> <!-- TestCases.Capture_Screenshot -->
    </test> <!-- Default test -->
  </suite> <!-- Default suite -->
</testng-results>
